<?xml version="1.0" encoding="UTF-8"?>
<!-- Generated by org.testng.reporters.JUnitXMLReporter -->
<testsuite ignored="0" hostname="LAPTOP-AI9CD3N0" failures="0" tests="12" name="My1stTest" time="0.144" errors="0" timestamp="2024-07-21T11:00:47 IST">
  <testcase classname="TestNGXML.NewTest1" name="a" time="0.021"/>
  <testcase classname="TestNGXML.NewTest1" name="b" time="0.002"/>
  <testcase classname="TestNGXML.NewTest1" name="c" time="0.002"/>
  <testcase classname="TestNGXML.NewTest1" name="d" time="0.002"/>
  <testcase classname="TestNGXML.NewTest3" name="K" time="0.002"/>
  <testcase classname="TestNGXML.NewTest3" name="i" time="0.004"/>
  <testcase classname="TestNGXML.NewTest3" name="j" time="0.002"/>
  <testcase classname="TestNGXML.NewTest3" name="l" time="0.002"/>
  <testcase classname="TestNGXML.NewTest2" name="e" time="0.003"/>
  <testcase classname="TestNGXML.NewTest2" name="f" time="0.002"/>
  <testcase classname="TestNGXML.NewTest2" name="g" time="0.002"/>
  <testcase classname="TestNGXML.NewTest2" name="h" time="0.002"/>
</testsuite> <!-- My1stTest -->
