<?xml version="1.0" encoding="UTF-8"?>
<!-- Generated by org.testng.reporters.JUnitXMLReporter -->
<testsuite ignored="0" hostname="LAPTOP-AI9CD3N0" failures="2" tests="8" name="Test" time="0.144" errors="0" timestamp="2024-08-02T08:44:43 IST">
  <testcase classname="ListenersStudy.MyClass2" name="g" time="0.022">
    <failure type="java.lang.AssertionError" message="null">
      <![CDATA[java.lang.AssertionError: null
at ListenersStudy.MyClass2.g(MyClass2.java:24)
at java.base/java.util.ArrayList.forEach(ArrayList.java:1597)
... Removed 27 stack frames]]>
    </failure>
  </testcase> <!-- g -->
  <testcase classname="ListenersStudy.MyClass2" name="h" time="0.002"/>
  <testcase classname="ListenersStudy.MyClass2" name="e" time="0.002"/>
  <testcase classname="ListenersStudy.MyClass2" name="f" time="0.0">
    <skipped/>
  </testcase> <!-- f -->
  <testcase classname="ListenersStudy.MyClass1" name="a" time="0.002"/>
  <testcase classname="ListenersStudy.MyClass1" name="c" time="0.002">
    <failure type="java.lang.AssertionError" message="null">
      <![CDATA[java.lang.AssertionError: null
at ListenersStudy.MyClass1.c(MyClass1.java:24)
at java.base/java.util.ArrayList.forEach(ArrayList.java:1597)
... Removed 27 stack frames]]>
    </failure>
  </testcase> <!-- c -->
  <testcase classname="ListenersStudy.MyClass1" name="d" time="0.004"/>
  <testcase classname="ListenersStudy.MyClass1" name="b" time="0.0">
    <skipped/>
  </testcase> <!-- b -->
</testsuite> <!-- Test -->
